Arguments: 
  /usr/bin/node /usr/share/yarn/bin/yarn.js init

PATH: 
  /usr/local/sbin:/usr/local/bin:/usr/sbin:/usr/bin:/sbin:/bin:/usr/games:/usr/local/games:/snap/bin

Yarn version: 
  1.17.3

Node version: 
  8.16.0

Platform: 
  linux x64

Trace: 
  Error: canceled
      at Interface.<anonymous> (/usr/share/yarn/lib/cli.js:136724:13)
      at emitNone (events.js:106:13)
      at Interface.emit (events.js:208:7)
      at Interface._ttyWrite (readline.js:774:16)
      at ReadStream.onkeypress (readline.js:158:10)
      at emitTwo (events.js:126:13)
      at ReadStream.emit (events.js:214:7)
      at emitKeys (internal/readline.js:420:14)
      at emitKeys.next (<anonymous>)
      at ReadStream.onData (readline.js:1010:36)

npm manifest: 
  {
    "name": "app_filmes_cliente",
    "version": "1.0.0",
    "description": "Aplicação que mostra o uso de componentes React com estética Bulma.",
    "scripts": {
      "start": "webpack --config webpack.dev.js --watch",
      "build": "webpack --config webpack.prod.js",
      "test": "echo \"Error: no test specified\" && exit 1"
    },
    "keywords": [
      "React",
      "Bulma"
    ],
    "author": "Leandro J. Komosinski",
    "license": "ISC",
    "dependencies": {
      "@babel/polyfill": "^7.4.4",
      "@babel/runtime": "^7.4.5",
      "bulma": "^0.7.5",
      "core-js": "^3.1.4",
      "prop-types": "^15.7.2",
      "react": "^16.8.6",
      "react-dom": "^16.8.6"
    },
    "devDependencies": {
      "@babel/cli": "^7.4.4",
      "@babel/core": "^7.4.5",
      "@babel/node": "^7.4.5",
      "@babel/plugin-transform-runtime": "^7.4.4",
      "@babel/preset-env": "^7.4.5",
      "@babel/preset-react": "^7.0.0",
      "babel-loader": "^8.0.6",
      "clean-webpack-plugin": "^3.0.0",
      "css-loader": "^3.0.0",
      "eslint": "^6.0.1",
      "eslint-plugin-react": "^7.14.2",
      "html-webpack-plugin": "^3.2.0",
      "style-loader": "^0.23.1",
      "webpack": "^4.35.2",
      "webpack-cli": "^3.3.5",
      "webpack-merge": "^4.2.1"
    }
  }

yarn manifest: 
  No manifest

Lockfile: 
  No lockfile
